<?xml version="1.0" encoding="UTF-8"?>
<!-- Generated by org.testng.reporters.JUnitXMLReporter -->
<testsuite ignored="5" hostname="LAPTOP-GS9U4VPK" failures="0" tests="1" name="Default test" time="19.554" errors="0" timestamp="2026-02-17T23:31:11 IST">
  <testcase classname="com.selenium.orange_project.TestSuite.TestAll" name="Role_Based_Login" time="8.336"/>
  <testcase classname="com.selenium.orange_project.TestSuite.TestAll" name="Employee_Count" time="0.0">
    <ignored/>
  </testcase> <!-- Employee_Count -->
  <testcase classname="com.selenium.orange_project.TestSuite.TestAll" name="Search_Employee" time="0.0">
    <ignored/>
  </testcase> <!-- Search_Employee -->
  <testcase classname="com.selenium.orange_project.TestSuite.TestAll" name="Invalid_login" time="0.0">
    <ignored/>
  </testcase> <!-- Invalid_login -->
  <testcase classname="com.selenium.orange_project.TestSuite.TestAll" name="Add_Employee_with_unique_id_Validation" time="0.0">
    <ignored/>
  </testcase> <!-- Add_Employee_with_unique_id_Validation -->
  <testcase classname="com.selenium.orange_project.TestSuite.TestAll" name="Login_With_Session" time="0.0">
    <ignored/>
  </testcase> <!-- Login_With_Session -->
</testsuite> <!-- Default test -->
