<?xml version="1.0" encoding="UTF-8"?>
<!-- Generated by org.testng.reporters.JUnitXMLReporter -->
<testsuite ignored="0" hostname="LAPTOP-GS9U4VPK" failures="0" tests="6" name="Test" time="101.052" errors="0" timestamp="2026-02-21T17:08:14 IST">
  <testcase classname="com.selenium.orange_project.TestSuite.TestAll" name="Login_With_Session" time="6.996"/>
  <testcase classname="com.selenium.orange_project.TestSuite.TestAll" name="Invalid_login" time="13.479"/>
  <testcase classname="com.selenium.orange_project.TestSuite.TestAll" name="Add_Employee_with_unique_id_Validation" time="10.234"/>
  <testcase classname="com.selenium.orange_project.TestSuite.TestAll" name="Search_Employee" time="7.808"/>
  <testcase classname="com.selenium.orange_project.TestSuite.TestAll" name="Employee_Count" time="13.083"/>
  <testcase classname="com.selenium.orange_project.TestSuite.TestAll" name="Role_Based_Login" time="7.021"/>
</testsuite> <!-- Test -->
