<?xml version="1.0" encoding="UTF-8"?>
<!-- Generated by org.testng.reporters.JUnitReportReporter -->
<testsuite hostname="LAPTOP-GS9U4VPK" failures="0" tests="6" name="com.selenium.orange_project.TestSuite.TestAll" time="101.006" errors="0" timestamp="2026-02-21T17:08:14 IST" skipped="0">
  <testcase classname="com.selenium.orange_project.TestSuite.TestAll" name="Login_With_Session" time="18.534"/>
  <testcase classname="com.selenium.orange_project.TestSuite.TestAll" name="Invalid_login" time="19.985"/>
  <testcase classname="com.selenium.orange_project.TestSuite.TestAll" name="Add_Employee_with_unique_id_Validation" time="16.368"/>
  <testcase classname="com.selenium.orange_project.TestSuite.TestAll" name="Search_Employee" time="13.152"/>
  <testcase classname="com.selenium.orange_project.TestSuite.TestAll" name="Employee_Count" time="19.223"/>
  <testcase classname="com.selenium.orange_project.TestSuite.TestAll" name="Role_Based_Login" time="13.744"/>
</testsuite> <!-- com.selenium.orange_project.TestSuite.TestAll -->
